[Information]-14-15:18:33 : Now listening on: https://localhost:44374
[Information]-0-15:18:33 : Application started. Press Ctrl+C to shut down.
[Information]-0-15:18:33 : Hosting environment: Development
[Information]-0-15:18:33 : Content root path: N:\KACHRAMAN USB\Andon Sistem Guncelleme\AcerPro\AcerPro
[Information]-20101-15:18:51 : Executed DbCommand (161ms) [Parameters=[], CommandType='Text', CommandTimeout='30']
SELECT [d].[Id], [d].[EMail], [d].[Password], [d].[UserName]
FROM [DbUsers] AS [d]
[Information]-20101-15:18:57 : Executed DbCommand (1ms) [Parameters=[], CommandType='Text', CommandTimeout='30']
SELECT [d].[Id], [d].[EMail], [d].[Password], [d].[UserName]
FROM [DbUsers] AS [d]
[Information]-20101-15:18:57 : Executed DbCommand (4ms) [Parameters=[], CommandType='Text', CommandTimeout='30']
SELECT [d].[Id], [d].[AppName], [d].[AppUrl], [d].[Interval], [d].[UserId]
FROM [DbApplications] AS [d]
[Information]-20101-15:18:58 : Executed DbCommand (0ms) [Parameters=[], CommandType='Text', CommandTimeout='30']
SELECT [d].[Id], [d].[AppName], [d].[AppUrl], [d].[Interval], [d].[UserId]
FROM [DbApplications] AS [d]
[Information]-20101-15:18:58 : Executed DbCommand (0ms) [Parameters=[], CommandType='Text', CommandTimeout='30']
SELECT [d].[Id], [d].[AppName], [d].[AppUrl], [d].[Interval], [d].[UserId]
FROM [DbApplications] AS [d]
[Information]-20101-15:18:58 : Executed DbCommand (0ms) [Parameters=[], CommandType='Text', CommandTimeout='30']
SELECT [d].[Id], [d].[AppName], [d].[AppUrl], [d].[Interval], [d].[UserId]
FROM [DbApplications] AS [d]
[Information]-20101-15:18:58 : Executed DbCommand (0ms) [Parameters=[], CommandType='Text', CommandTimeout='30']
SELECT [d].[Id], [d].[AppName], [d].[AppUrl], [d].[Interval], [d].[UserId]
FROM [DbApplications] AS [d]
[Information]-20101-15:18:58 : Executed DbCommand (0ms) [Parameters=[], CommandType='Text', CommandTimeout='30']
SELECT [d].[Id], [d].[AppName], [d].[AppUrl], [d].[Interval], [d].[UserId]
FROM [DbApplications] AS [d]
[Information]-20101-15:18:58 : Executed DbCommand (0ms) [Parameters=[], CommandType='Text', CommandTimeout='30']
SELECT [d].[Id], [d].[AppName], [d].[AppUrl], [d].[Interval], [d].[UserId]
FROM [DbApplications] AS [d]
[Information]-20101-15:18:58 : Executed DbCommand (0ms) [Parameters=[], CommandType='Text', CommandTimeout='30']
SELECT [d].[Id], [d].[AppName], [d].[AppUrl], [d].[Interval], [d].[UserId]
FROM [DbApplications] AS [d]
[Information]-20101-15:18:58 : Executed DbCommand (0ms) [Parameters=[], CommandType='Text', CommandTimeout='30']
SELECT [d].[Id], [d].[AppName], [d].[AppUrl], [d].[Interval], [d].[UserId]
FROM [DbApplications] AS [d]
[Information]-20101-15:18:58 : Executed DbCommand (0ms) [Parameters=[], CommandType='Text', CommandTimeout='30']
SELECT [d].[Id], [d].[AppName], [d].[AppUrl], [d].[Interval], [d].[UserId]
FROM [DbApplications] AS [d]
[Information]-20101-15:18:58 : Executed DbCommand (0ms) [Parameters=[], CommandType='Text', CommandTimeout='30']
SELECT [d].[Id], [d].[AppName], [d].[AppUrl], [d].[Interval], [d].[UserId]
FROM [DbApplications] AS [d]
[Information]-20101-15:18:58 : Executed DbCommand (0ms) [Parameters=[], CommandType='Text', CommandTimeout='30']
SELECT [d].[Id], [d].[AppName], [d].[AppUrl], [d].[Interval], [d].[UserId]
FROM [DbApplications] AS [d]
[Information]-20101-15:18:58 : Executed DbCommand (0ms) [Parameters=[], CommandType='Text', CommandTimeout='30']
SELECT [d].[Id], [d].[AppName], [d].[AppUrl], [d].[Interval], [d].[UserId]
FROM [DbApplications] AS [d]
[Information]-20101-15:18:58 : Executed DbCommand (0ms) [Parameters=[], CommandType='Text', CommandTimeout='30']
SELECT [d].[Id], [d].[AppName], [d].[AppUrl], [d].[Interval], [d].[UserId]
FROM [DbApplications] AS [d]
[Information]-20101-15:18:58 : Executed DbCommand (0ms) [Parameters=[], CommandType='Text', CommandTimeout='30']
SELECT [d].[Id], [d].[AppName], [d].[AppUrl], [d].[Interval], [d].[UserId]
FROM [DbApplications] AS [d]
[Information]-20101-15:18:58 : Executed DbCommand (0ms) [Parameters=[], CommandType='Text', CommandTimeout='30']
SELECT [d].[Id], [d].[AppName], [d].[AppUrl], [d].[Interval], [d].[UserId]
FROM [DbApplications] AS [d]
[Information]-20101-15:18:58 : Executed DbCommand (0ms) [Parameters=[], CommandType='Text', CommandTimeout='30']
SELECT [d].[Id], [d].[AppName], [d].[AppUrl], [d].[Interval], [d].[UserId]
FROM [DbApplications] AS [d]
[Information]-20101-15:18:58 : Executed DbCommand (0ms) [Parameters=[], CommandType='Text', CommandTimeout='30']
SELECT [d].[Id], [d].[AppName], [d].[AppUrl], [d].[Interval], [d].[UserId]
FROM [DbApplications] AS [d]
[Information]-20101-15:18:58 : Executed DbCommand (0ms) [Parameters=[], CommandType='Text', CommandTimeout='30']
SELECT [d].[Id], [d].[AppName], [d].[AppUrl], [d].[Interval], [d].[UserId]
FROM [DbApplications] AS [d]
[Information]-20101-15:18:58 : Executed DbCommand (0ms) [Parameters=[], CommandType='Text', CommandTimeout='30']
SELECT [d].[Id], [d].[AppName], [d].[AppUrl], [d].[Interval], [d].[UserId]
FROM [DbApplications] AS [d]
[Information]-20101-15:18:58 : Executed DbCommand (0ms) [Parameters=[], CommandType='Text', CommandTimeout='30']
SELECT [d].[Id], [d].[AppName], [d].[AppUrl], [d].[Interval], [d].[UserId]
FROM [DbApplications] AS [d]
[Information]-20101-15:18:58 : Executed DbCommand (0ms) [Parameters=[], CommandType='Text', CommandTimeout='30']
SELECT [d].[Id], [d].[AppName], [d].[AppUrl], [d].[Interval], [d].[UserId]
FROM [DbApplications] AS [d]
[Information]-20101-15:18:58 : Executed DbCommand (0ms) [Parameters=[], CommandType='Text', CommandTimeout='30']
SELECT [d].[Id], [d].[AppName], [d].[AppUrl], [d].[Interval], [d].[UserId]
FROM [DbApplications] AS [d]
[Information]-20101-15:18:58 : Executed DbCommand (0ms) [Parameters=[], CommandType='Text', CommandTimeout='30']
SELECT [d].[Id], [d].[AppName], [d].[AppUrl], [d].[Interval], [d].[UserId]
FROM [DbApplications] AS [d]
[Information]-20101-15:18:58 : Executed DbCommand (0ms) [Parameters=[], CommandType='Text', CommandTimeout='30']
SELECT [d].[Id], [d].[AppName], [d].[AppUrl], [d].[Interval], [d].[UserId]
FROM [DbApplications] AS [d]
[Information]-20101-15:18:58 : Executed DbCommand (0ms) [Parameters=[], CommandType='Text', CommandTimeout='30']
SELECT [d].[Id], [d].[AppName], [d].[AppUrl], [d].[Interval], [d].[UserId]
FROM [DbApplications] AS [d]
[Information]-20101-15:18:58 : Executed DbCommand (0ms) [Parameters=[], CommandType='Text', CommandTimeout='30']
SELECT [d].[Id], [d].[AppName], [d].[AppUrl], [d].[Interval], [d].[UserId]
FROM [DbApplications] AS [d]
[Information]-20101-15:18:58 : Executed DbCommand (0ms) [Parameters=[], CommandType='Text', CommandTimeout='30']
SELECT [d].[Id], [d].[AppName], [d].[AppUrl], [d].[Interval], [d].[UserId]
FROM [DbApplications] AS [d]
[Information]-20101-15:18:58 : Executed DbCommand (0ms) [Parameters=[], CommandType='Text', CommandTimeout='30']
SELECT [d].[Id], [d].[AppName], [d].[AppUrl], [d].[Interval], [d].[UserId]
FROM [DbApplications] AS [d]
[Information]-20101-15:18:58 : Executed DbCommand (0ms) [Parameters=[], CommandType='Text', CommandTimeout='30']
SELECT [d].[Id], [d].[AppName], [d].[AppUrl], [d].[Interval], [d].[UserId]
FROM [DbApplications] AS [d]
[Information]-20101-15:18:58 : Executed DbCommand (0ms) [Parameters=[], CommandType='Text', CommandTimeout='30']
SELECT [d].[Id], [d].[AppName], [d].[AppUrl], [d].[Interval], [d].[UserId]
FROM [DbApplications] AS [d]
[Information]-20101-15:18:58 : Executed DbCommand (0ms) [Parameters=[], CommandType='Text', CommandTimeout='30']
SELECT [d].[Id], [d].[AppName], [d].[AppUrl], [d].[Interval], [d].[UserId]
FROM [DbApplications] AS [d]
[Information]-14-15:19:40 : Now listening on: https://localhost:44374
[Information]-0-15:19:40 : Application started. Press Ctrl+C to shut down.
[Information]-0-15:19:40 : Hosting environment: Development
[Information]-0-15:19:40 : Content root path: N:\KACHRAMAN USB\Andon Sistem Guncelleme\AcerPro\AcerPro
[Information]-20101-15:19:46 : Executed DbCommand (17ms) [Parameters=[], CommandType='Text', CommandTimeout='30']
SELECT [d].[Id], [d].[EMail], [d].[Password], [d].[UserName]
FROM [DbUsers] AS [d]
[Information]-20101-15:19:46 : Executed DbCommand (9ms) [Parameters=[], CommandType='Text', CommandTimeout='30']
SELECT [d].[Id], [d].[AppName], [d].[AppUrl], [d].[Interval], [d].[UserId]
FROM [DbApplications] AS [d]
[Information]-20101-15:19:46 : Executed DbCommand (0ms) [Parameters=[], CommandType='Text', CommandTimeout='30']
SELECT [d].[Id], [d].[AppName], [d].[AppUrl], [d].[Interval], [d].[UserId]
FROM [DbApplications] AS [d]
[Information]-20101-15:19:46 : Executed DbCommand (0ms) [Parameters=[], CommandType='Text', CommandTimeout='30']
SELECT [d].[Id], [d].[AppName], [d].[AppUrl], [d].[Interval], [d].[UserId]
FROM [DbApplications] AS [d]
[Information]-20101-15:19:46 : Executed DbCommand (0ms) [Parameters=[], CommandType='Text', CommandTimeout='30']
SELECT [d].[Id], [d].[AppName], [d].[AppUrl], [d].[Interval], [d].[UserId]
FROM [DbApplications] AS [d]
[Information]-20101-15:19:46 : Executed DbCommand (0ms) [Parameters=[], CommandType='Text', CommandTimeout='30']
SELECT [d].[Id], [d].[AppName], [d].[AppUrl], [d].[Interval], [d].[UserId]
FROM [DbApplications] AS [d]
[Information]-20101-15:19:46 : Executed DbCommand (0ms) [Parameters=[], CommandType='Text', CommandTimeout='30']
SELECT [d].[Id], [d].[AppName], [d].[AppUrl], [d].[Interval], [d].[UserId]
FROM [DbApplications] AS [d]
[Information]-20101-15:19:46 : Executed DbCommand (0ms) [Parameters=[], CommandType='Text', CommandTimeout='30']
SELECT [d].[Id], [d].[AppName], [d].[AppUrl], [d].[Interval], [d].[UserId]
FROM [DbApplications] AS [d]
[Information]-20101-15:19:46 : Executed DbCommand (0ms) [Parameters=[], CommandType='Text', CommandTimeout='30']
SELECT [d].[Id], [d].[AppName], [d].[AppUrl], [d].[Interval], [d].[UserId]
FROM [DbApplications] AS [d]
[Information]-20101-15:19:46 : Executed DbCommand (0ms) [Parameters=[], CommandType='Text', CommandTimeout='30']
SELECT [d].[Id], [d].[AppName], [d].[AppUrl], [d].[Interval], [d].[UserId]
FROM [DbApplications] AS [d]
[Information]-20101-15:19:46 : Executed DbCommand (0ms) [Parameters=[], CommandType='Text', CommandTimeout='30']
SELECT [d].[Id], [d].[AppName], [d].[AppUrl], [d].[Interval], [d].[UserId]
FROM [DbApplications] AS [d]
[Information]-20101-15:19:46 : Executed DbCommand (0ms) [Parameters=[], CommandType='Text', CommandTimeout='30']
SELECT [d].[Id], [d].[AppName], [d].[AppUrl], [d].[Interval], [d].[UserId]
FROM [DbApplications] AS [d]
[Information]-20101-15:19:46 : Executed DbCommand (0ms) [Parameters=[], CommandType='Text', CommandTimeout='30']
SELECT [d].[Id], [d].[AppName], [d].[AppUrl], [d].[Interval], [d].[UserId]
FROM [DbApplications] AS [d]
[Information]-20101-15:19:46 : Executed DbCommand (0ms) [Parameters=[], CommandType='Text', CommandTimeout='30']
SELECT [d].[Id], [d].[AppName], [d].[AppUrl], [d].[Interval], [d].[UserId]
FROM [DbApplications] AS [d]
[Information]-20101-15:19:46 : Executed DbCommand (0ms) [Parameters=[], CommandType='Text', CommandTimeout='30']
SELECT [d].[Id], [d].[AppName], [d].[AppUrl], [d].[Interval], [d].[UserId]
FROM [DbApplications] AS [d]
[Information]-20101-15:19:46 : Executed DbCommand (0ms) [Parameters=[], CommandType='Text', CommandTimeout='30']
SELECT [d].[Id], [d].[AppName], [d].[AppUrl], [d].[Interval], [d].[UserId]
FROM [DbApplications] AS [d]
[Information]-20101-15:19:46 : Executed DbCommand (0ms) [Parameters=[], CommandType='Text', CommandTimeout='30']
SELECT [d].[Id], [d].[AppName], [d].[AppUrl], [d].[Interval], [d].[UserId]
FROM [DbApplications] AS [d]
[Information]-20101-15:19:46 : Executed DbCommand (0ms) [Parameters=[], CommandType='Text', CommandTimeout='30']
SELECT [d].[Id], [d].[AppName], [d].[AppUrl], [d].[Interval], [d].[UserId]
FROM [DbApplications] AS [d]
[Information]-20101-15:19:46 : Executed DbCommand (0ms) [Parameters=[], CommandType='Text', CommandTimeout='30']
SELECT [d].[Id], [d].[AppName], [d].[AppUrl], [d].[Interval], [d].[UserId]
FROM [DbApplications] AS [d]
[Information]-20101-15:19:46 : Executed DbCommand (0ms) [Parameters=[], CommandType='Text', CommandTimeout='30']
SELECT [d].[Id], [d].[AppName], [d].[AppUrl], [d].[Interval], [d].[UserId]
FROM [DbApplications] AS [d]
[Information]-20101-15:19:46 : Executed DbCommand (0ms) [Parameters=[], CommandType='Text', CommandTimeout='30']
SELECT [d].[Id], [d].[AppName], [d].[AppUrl], [d].[Interval], [d].[UserId]
FROM [DbApplications] AS [d]
[Information]-20101-15:19:46 : Executed DbCommand (0ms) [Parameters=[], CommandType='Text', CommandTimeout='30']
SELECT [d].[Id], [d].[AppName], [d].[AppUrl], [d].[Interval], [d].[UserId]
FROM [DbApplications] AS [d]
[Information]-20101-15:19:46 : Executed DbCommand (0ms) [Parameters=[], CommandType='Text', CommandTimeout='30']
SELECT [d].[Id], [d].[AppName], [d].[AppUrl], [d].[Interval], [d].[UserId]
FROM [DbApplications] AS [d]
[Information]-20101-15:19:46 : Executed DbCommand (0ms) [Parameters=[], CommandType='Text', CommandTimeout='30']
SELECT [d].[Id], [d].[AppName], [d].[AppUrl], [d].[Interval], [d].[UserId]
FROM [DbApplications] AS [d]
[Information]-20101-15:19:46 : Executed DbCommand (0ms) [Parameters=[], CommandType='Text', CommandTimeout='30']
SELECT [d].[Id], [d].[AppName], [d].[AppUrl], [d].[Interval], [d].[UserId]
FROM [DbApplications] AS [d]
[Information]-20101-15:19:46 : Executed DbCommand (0ms) [Parameters=[], CommandType='Text', CommandTimeout='30']
SELECT [d].[Id], [d].[AppName], [d].[AppUrl], [d].[Interval], [d].[UserId]
FROM [DbApplications] AS [d]
[Information]-20101-15:19:46 : Executed DbCommand (0ms) [Parameters=[], CommandType='Text', CommandTimeout='30']
SELECT [d].[Id], [d].[AppName], [d].[AppUrl], [d].[Interval], [d].[UserId]
FROM [DbApplications] AS [d]
[Information]-20101-15:19:46 : Executed DbCommand (0ms) [Parameters=[], CommandType='Text', CommandTimeout='30']
SELECT [d].[Id], [d].[AppName], [d].[AppUrl], [d].[Interval], [d].[UserId]
FROM [DbApplications] AS [d]
[Information]-20101-15:19:46 : Executed DbCommand (0ms) [Parameters=[], CommandType='Text', CommandTimeout='30']
SELECT [d].[Id], [d].[AppName], [d].[AppUrl], [d].[Interval], [d].[UserId]
FROM [DbApplications] AS [d]
[Information]-20101-15:19:46 : Executed DbCommand (0ms) [Parameters=[], CommandType='Text', CommandTimeout='30']
SELECT [d].[Id], [d].[AppName], [d].[AppUrl], [d].[Interval], [d].[UserId]
FROM [DbApplications] AS [d]
[Information]-20101-15:19:46 : Executed DbCommand (0ms) [Parameters=[], CommandType='Text', CommandTimeout='30']
SELECT [d].[Id], [d].[AppName], [d].[AppUrl], [d].[Interval], [d].[UserId]
FROM [DbApplications] AS [d]
[Information]-20101-15:19:46 : Executed DbCommand (0ms) [Parameters=[], CommandType='Text', CommandTimeout='30']
SELECT [d].[Id], [d].[AppName], [d].[AppUrl], [d].[Interval], [d].[UserId]
FROM [DbApplications] AS [d]
[Information]-20101-15:19:46 : Executed DbCommand (0ms) [Parameters=[], CommandType='Text', CommandTimeout='30']
SELECT [d].[Id], [d].[AppName], [d].[AppUrl], [d].[Interval], [d].[UserId]
FROM [DbApplications] AS [d]
