1-[Information]-0-09:14:05 = "Application started. Press Ctrl+C to shut down."
1-[Information]-0-09:14:05 = "Hosting environment: Development"
1-[Information]-0-09:14:05 = "Content root path: N:\KACHRAMAN USB\Andon Sistem Guncelleme\AcerPro\AcerPro"
1-[Information]-20101-09:14:14 = "Executed DbCommand (16ms) [Parameters=[], CommandType='Text', CommandTimeout='30'] SELECT [d].[Id], [d].[EMail], [d].[Password], [d].[UserName]
FROM [DbUsers] AS [d]"
1-[Information]-20101-09:14:14 = "Executed DbCommand (6ms) [Parameters=[], CommandType='Text', CommandTimeout='30']
SELECT [d].[Id], [d].[AppName], [d].[AppUrl], [d].[Interval], [d].[UserId]
FROM [DbApplications] AS [d]"
1-[Information]-20101-09:14:14 = "Executed DbCommand (0ms) [Parameters=[], CommandType='Text', CommandTimeout='30']
SELECT [d].[Id], [d].[AppName], [d].[AppUrl], [d].[Interval], [d].[UserId]
FROM [DbApplications] AS [d]"
1-[Information]-20101-09:14:14 = "Executed DbCommand (0ms) [Parameters=[], CommandType='Text', CommandTimeout='30']
SELECT [d].[Id], [d].[AppName], [d].[AppUrl], [d].[Interval], [d].[UserId]
FROM [DbApplications] AS [d]"
1-[Information]-20101-09:14:14 = "Executed DbCommand (0ms) [Parameters=[], CommandType='Text', CommandTimeout='30']
SELECT [d].[Id], [d].[AppName], [d].[AppUrl], [d].[Interval], [d].[UserId]
FROM [DbApplications] AS [d]"
1-[Information]-20101-09:14:14 = "Executed DbCommand (0ms) [Parameters=[], CommandType='Text', CommandTimeout='30']
SELECT [d].[Id], [d].[AppName], [d].[AppUrl], [d].[Interval], [d].[UserId]
FROM [DbApplications] AS [d]"
1-[Information]-20101-09:14:14 = "Executed DbCommand (0ms) [Parameters=[], CommandType='Text', CommandTimeout='30']
SELECT [d].[Id], [d].[AppName], [d].[AppUrl], [d].[Interval], [d].[UserId]
FROM [DbApplications] AS [d]"
1-[Information]-20101-09:14:14 = "Executed DbCommand (0ms) [Parameters=[], CommandType='Text', CommandTimeout='30']
SELECT [d].[Id], [d].[AppName], [d].[AppUrl], [d].[Interval], [d].[UserId]
FROM [DbApplications] AS [d]"
1-[Information]-20101-09:14:14 = "Executed DbCommand (0ms) [Parameters=[], CommandType='Text', CommandTimeout='30']
SELECT [d].[Id], [d].[AppName], [d].[AppUrl], [d].[Interval], [d].[UserId]
FROM [DbApplications] AS [d]"
1-[Information]-20101-09:14:14 = "Executed DbCommand (0ms) [Parameters=[], CommandType='Text', CommandTimeout='30']
SELECT [d].[Id], [d].[AppName], [d].[AppUrl], [d].[Interval], [d].[UserId]
FROM [DbApplications] AS [d]"
1-[Information]-20101-09:14:14 = "Executed DbCommand (0ms) [Parameters=[], CommandType='Text', CommandTimeout='30']
SELECT [d].[Id], [d].[AppName], [d].[AppUrl], [d].[Interval], [d].[UserId]
FROM [DbApplications] AS [d]"
1-[Information]-20101-09:14:14 = "Executed DbCommand (0ms) [Parameters=[], CommandType='Text', CommandTimeout='30']
SELECT [d].[Id], [d].[AppName], [d].[AppUrl], [d].[Interval], [d].[UserId]
FROM [DbApplications] AS [d]"
1-[Information]-20101-09:14:14 = "Executed DbCommand (0ms) [Parameters=[], CommandType='Text', CommandTimeout='30']
SELECT [d].[Id], [d].[AppName], [d].[AppUrl], [d].[Interval], [d].[UserId]
FROM [DbApplications] AS [d]"
1-[Information]-14-09:15:48 = "Now listening on: https://localhost:44374"
1-[Information]-0-09:15:48 = "Application started. Press Ctrl+C to shut down."
1-[Information]-0-09:15:48 = "Hosting environment: Development"
1-[Information]-0-09:15:48 = "Content root path: N:\KACHRAMAN USB\Andon Sistem Guncelleme\AcerPro\AcerPro"
1-[Information]-20101-09:16:04 = "Executed DbCommand (10ms) [Parameters=[], CommandType='Text', CommandTimeout='30']
SELECT [d].[Id], [d].[EMail], [d].[Password], [d].[UserName]
FROM [DbUsers] AS [d]"
1-[Information]-20101-09:16:04 = "Executed DbCommand (9ms) [Parameters=[], CommandType='Text', CommandTimeout='30']
SELECT [d].[Id], [d].[AppName], [d].[AppUrl], [d].[Interval], [d].[UserId]
FROM [DbApplications] AS [d]"
1-[Information]-20101-09:16:04 = "Executed DbCommand (0ms) [Parameters=[], CommandType='Text', CommandTimeout='30']
SELECT [d].[Id], [d].[AppName], [d].[AppUrl], [d].[Interval], [d].[UserId]
FROM [DbApplications] AS [d]"
1-[Information]-20101-09:16:04 = "Executed DbCommand (0ms) [Parameters=[], CommandType='Text', CommandTimeout='30']
SELECT [d].[Id], [d].[AppName], [d].[AppUrl], [d].[Interval], [d].[UserId]
FROM [DbApplications] AS [d]"
1-[Information]-20101-09:16:04 = "Executed DbCommand (0ms) [Parameters=[], CommandType='Text', CommandTimeout='30']
SELECT [d].[Id], [d].[AppName], [d].[AppUrl], [d].[Interval], [d].[UserId]
FROM [DbApplications] AS [d]"
1-[Information]-20101-09:16:04 = "Executed DbCommand (0ms) [Parameters=[], CommandType='Text', CommandTimeout='30']
SELECT [d].[Id], [d].[AppName], [d].[AppUrl], [d].[Interval], [d].[UserId]
FROM [DbApplications] AS [d]"
1-[Information]-20101-09:16:04 = "Executed DbCommand (0ms) [Parameters=[], CommandType='Text', CommandTimeout='30']
SELECT [d].[Id], [d].[AppName], [d].[AppUrl], [d].[Interval], [d].[UserId]
FROM [DbApplications] AS [d]"
1-[Information]-20101-09:16:04 = "Executed DbCommand (0ms) [Parameters=[], CommandType='Text', CommandTimeout='30']
SELECT [d].[Id], [d].[AppName], [d].[AppUrl], [d].[Interval], [d].[UserId]
FROM [DbApplications] AS [d]"
1-[Information]-20101-09:16:04 = "Executed DbCommand (0ms) [Parameters=[], CommandType='Text', CommandTimeout='30']
SELECT [d].[Id], [d].[AppName], [d].[AppUrl], [d].[Interval], [d].[UserId]
FROM [DbApplications] AS [d]"
1-[Information]-20101-09:16:04 = "Executed DbCommand (0ms) [Parameters=[], CommandType='Text', CommandTimeout='30']
SELECT [d].[Id], [d].[AppName], [d].[AppUrl], [d].[Interval], [d].[UserId]
FROM [DbApplications] AS [d]"
1-[Information]-20101-09:16:04 = "Executed DbCommand (0ms) [Parameters=[], CommandType='Text', CommandTimeout='30']
SELECT [d].[Id], [d].[AppName], [d].[AppUrl], [d].[Interval], [d].[UserId]
FROM [DbApplications] AS [d]"
1-[Information]-20101-09:16:04 = "Executed DbCommand (0ms) [Parameters=[], CommandType='Text', CommandTimeout='30']
SELECT [d].[Id], [d].[AppName], [d].[AppUrl], [d].[Interval], [d].[UserId]
FROM [DbApplications] AS [d]"
1-[Information]-20101-09:16:04 = "Executed DbCommand (0ms) [Parameters=[], CommandType='Text', CommandTimeout='30']
SELECT [d].[Id], [d].[AppName], [d].[AppUrl], [d].[Interval], [d].[UserId]
FROM [DbApplications] AS [d]"
1-[Information]-14-09:17:02 = "Now listening on: https://localhost:44374"
1-[Information]-0-09:17:02 = "Application started. Press Ctrl+C to shut down."
1-[Information]-0-09:17:02 = "Hosting environment: Development"
1-[Information]-0-09:17:02 = "Content root path: N:\KACHRAMAN USB\Andon Sistem Guncelleme\AcerPro\AcerPro"
1-[Information]-20101-09:17:07 = "Executed DbCommand (10ms) [Parameters=[], CommandType='Text', CommandTimeout='30']
SELECT [d].[Id], [d].[EMail], [d].[Password], [d].[UserName]
FROM [DbUsers] AS [d]"
1-[Information]-20101-09:17:07 = "Executed DbCommand (14ms) [Parameters=[], CommandType='Text', CommandTimeout='30']
SELECT [d].[Id], [d].[AppName], [d].[AppUrl], [d].[Interval], [d].[UserId]
FROM [DbApplications] AS [d]"
1-[Information]-20101-09:17:08 = "Executed DbCommand (0ms) [Parameters=[], CommandType='Text', CommandTimeout='30']
SELECT [d].[Id], [d].[AppName], [d].[AppUrl], [d].[Interval], [d].[UserId]
FROM [DbApplications] AS [d]"
1-[Information]-20101-09:17:08 = "Executed DbCommand (0ms) [Parameters=[], CommandType='Text', CommandTimeout='30']
SELECT [d].[Id], [d].[AppName], [d].[AppUrl], [d].[Interval], [d].[UserId]
FROM [DbApplications] AS [d]"
1-[Information]-20101-09:17:08 = "Executed DbCommand (0ms) [Parameters=[], CommandType='Text', CommandTimeout='30']
SELECT [d].[Id], [d].[AppName], [d].[AppUrl], [d].[Interval], [d].[UserId]
FROM [DbApplications] AS [d]"
1-[Information]-20101-09:17:08 = "Executed DbCommand (0ms) [Parameters=[], CommandType='Text', CommandTimeout='30']
SELECT [d].[Id], [d].[AppName], [d].[AppUrl], [d].[Interval], [d].[UserId]
FROM [DbApplications] AS [d]"
1-[Information]-20101-09:17:08 = "Executed DbCommand (0ms) [Parameters=[], CommandType='Text', CommandTimeout='30']
SELECT [d].[Id], [d].[AppName], [d].[AppUrl], [d].[Interval], [d].[UserId]
FROM [DbApplications] AS [d]"
1-[Information]-20101-09:17:08 = "Executed DbCommand (0ms) [Parameters=[], CommandType='Text', CommandTimeout='30']
SELECT [d].[Id], [d].[AppName], [d].[AppUrl], [d].[Interval], [d].[UserId]
FROM [DbApplications] AS [d]"
1-[Information]-20101-09:17:08 = "Executed DbCommand (0ms) [Parameters=[], CommandType='Text', CommandTimeout='30']
SELECT [d].[Id], [d].[AppName], [d].[AppUrl], [d].[Interval], [d].[UserId]
FROM [DbApplications] AS [d]"
1-[Information]-20101-09:17:08 = "Executed DbCommand (0ms) [Parameters=[], CommandType='Text', CommandTimeout='30']
SELECT [d].[Id], [d].[AppName], [d].[AppUrl], [d].[Interval], [d].[UserId]
FROM [DbApplications] AS [d]"
1-[Information]-20101-09:17:08 = "Executed DbCommand (0ms) [Parameters=[], CommandType='Text', CommandTimeout='30']
SELECT [d].[Id], [d].[AppName], [d].[AppUrl], [d].[Interval], [d].[UserId]
FROM [DbApplications] AS [d]"
1-[Information]-20101-09:17:08 = "Executed DbCommand (0ms) [Parameters=[], CommandType='Text', CommandTimeout='30']
SELECT [d].[Id], [d].[AppName], [d].[AppUrl], [d].[Interval], [d].[UserId]
FROM [DbApplications] AS [d]"
1-[Information]-20101-09:17:08 = "Executed DbCommand (0ms) [Parameters=[], CommandType='Text', CommandTimeout='30']
SELECT [d].[Id], [d].[AppName], [d].[AppUrl], [d].[Interval], [d].[UserId]
FROM [DbApplications] AS [d]"
1-[Information]-14-09:18:49 = "Now listening on: https://localhost:44374"
1-[Information]-0-09:18:49 = "Application started. Press Ctrl+C to shut down."
1-[Information]-0-09:18:49 = "Hosting environment: Development"
1-[Information]-0-09:18:49 = "Content root path: N:\KACHRAMAN USB\Andon Sistem Guncelleme\AcerPro\AcerPro"
1-[Information]-20101-09:18:55 = "Executed DbCommand (10ms) [Parameters=[], CommandType='Text', CommandTimeout='30']
SELECT [d].[Id], [d].[EMail], [d].[Password], [d].[UserName]
FROM [DbUsers] AS [d]"
1-[Information]-20101-09:18:55 = "Executed DbCommand (12ms) [Parameters=[], CommandType='Text', CommandTimeout='30']
SELECT [d].[Id], [d].[AppName], [d].[AppUrl], [d].[Interval], [d].[UserId]
FROM [DbApplications] AS [d]"
1-[Information]-20101-09:18:55 = "Executed DbCommand (0ms) [Parameters=[], CommandType='Text', CommandTimeout='30']
SELECT [d].[Id], [d].[AppName], [d].[AppUrl], [d].[Interval], [d].[UserId]
FROM [DbApplications] AS [d]"
1-[Information]-20101-09:18:55 = "Executed DbCommand (0ms) [Parameters=[], CommandType='Text', CommandTimeout='30']
SELECT [d].[Id], [d].[AppName], [d].[AppUrl], [d].[Interval], [d].[UserId]
FROM [DbApplications] AS [d]"
1-[Information]-20101-09:18:55 = "Executed DbCommand (0ms) [Parameters=[], CommandType='Text', CommandTimeout='30']
SELECT [d].[Id], [d].[AppName], [d].[AppUrl], [d].[Interval], [d].[UserId]
FROM [DbApplications] AS [d]"
1-[Information]-20101-09:18:55 = "Executed DbCommand (0ms) [Parameters=[], CommandType='Text', CommandTimeout='30']
SELECT [d].[Id], [d].[AppName], [d].[AppUrl], [d].[Interval], [d].[UserId]
FROM [DbApplications] AS [d]"
1-[Information]-20101-09:18:55 = "Executed DbCommand (0ms) [Parameters=[], CommandType='Text', CommandTimeout='30']
SELECT [d].[Id], [d].[AppName], [d].[AppUrl], [d].[Interval], [d].[UserId]
FROM [DbApplications] AS [d]"
1-[Information]-20101-09:18:55 = "Executed DbCommand (0ms) [Parameters=[], CommandType='Text', CommandTimeout='30']
SELECT [d].[Id], [d].[AppName], [d].[AppUrl], [d].[Interval], [d].[UserId]
FROM [DbApplications] AS [d]"
1-[Information]-20101-09:18:55 = "Executed DbCommand (0ms) [Parameters=[], CommandType='Text', CommandTimeout='30']
SELECT [d].[Id], [d].[AppName], [d].[AppUrl], [d].[Interval], [d].[UserId]
FROM [DbApplications] AS [d]"
1-[Information]-20101-09:18:55 = "Executed DbCommand (0ms) [Parameters=[], CommandType='Text', CommandTimeout='30']
SELECT [d].[Id], [d].[AppName], [d].[AppUrl], [d].[Interval], [d].[UserId]
FROM [DbApplications] AS [d]"
1-[Information]-20101-09:18:55 = "Executed DbCommand (0ms) [Parameters=[], CommandType='Text', CommandTimeout='30']
SELECT [d].[Id], [d].[AppName], [d].[AppUrl], [d].[Interval], [d].[UserId]
FROM [DbApplications] AS [d]"
1-[Information]-20101-09:18:55 = "Executed DbCommand (0ms) [Parameters=[], CommandType='Text', CommandTimeout='30']
SELECT [d].[Id], [d].[AppName], [d].[AppUrl], [d].[Interval], [d].[UserId]
FROM [DbApplications] AS [d]"
1-[Information]-20101-09:18:55 = "Executed DbCommand (0ms) [Parameters=[], CommandType='Text', CommandTimeout='30']
SELECT [d].[Id], [d].[AppName], [d].[AppUrl], [d].[Interval], [d].[UserId]
FROM [DbApplications] AS [d]"
1-[Information]-20101-09:19:15 = "Executed DbCommand (0ms) [Parameters=[], CommandType='Text', CommandTimeout='30']
SELECT [d].[Id], [d].[AppName], [d].[AppUrl], [d].[Interval], [d].[UserId]
FROM [DbApplications] AS [d]"
1-[Information]-20101-09:19:15 = "Executed DbCommand (0ms) [Parameters=[], CommandType='Text', CommandTimeout='30']
SELECT [d].[Id], [d].[AppName], [d].[AppUrl], [d].[Interval], [d].[UserId]
FROM [DbApplications] AS [d]"
1-[Information]-20101-09:19:15 = "Executed DbCommand (0ms) [Parameters=[], CommandType='Text', CommandTimeout='30']
SELECT [d].[Id], [d].[AppName], [d].[AppUrl], [d].[Interval], [d].[UserId]
FROM [DbApplications] AS [d]"
1-[Information]-20101-09:19:15 = "Executed DbCommand (0ms) [Parameters=[], CommandType='Text', CommandTimeout='30']
SELECT [d].[Id], [d].[AppName], [d].[AppUrl], [d].[Interval], [d].[UserId]
FROM [DbApplications] AS [d]"
1-[Information]-20101-09:19:15 = "Executed DbCommand (0ms) [Parameters=[], CommandType='Text', CommandTimeout='30']
SELECT [d].[Id], [d].[AppName], [d].[AppUrl], [d].[Interval], [d].[UserId]
FROM [DbApplications] AS [d]"
1-[Information]-20101-09:19:15 = "Executed DbCommand (0ms) [Parameters=[], CommandType='Text', CommandTimeout='30']
SELECT [d].[Id], [d].[AppName], [d].[AppUrl], [d].[Interval], [d].[UserId]
FROM [DbApplications] AS [d]"
1-[Information]-20101-09:19:15 = "Executed DbCommand (0ms) [Parameters=[], CommandType='Text', CommandTimeout='30']
SELECT [d].[Id], [d].[AppName], [d].[AppUrl], [d].[Interval], [d].[UserId]
FROM [DbApplications] AS [d]"
1-[Information]-20101-09:19:15 = "Executed DbCommand (0ms) [Parameters=[], CommandType='Text', CommandTimeout='30']
SELECT [d].[Id], [d].[AppName], [d].[AppUrl], [d].[Interval], [d].[UserId]
FROM [DbApplications] AS [d]"
1-[Information]-20101-09:19:15 = "Executed DbCommand (0ms) [Parameters=[], CommandType='Text', CommandTimeout='30']
SELECT [d].[Id], [d].[AppName], [d].[AppUrl], [d].[Interval], [d].[UserId]
FROM [DbApplications] AS [d]"
1-[Information]-20101-09:19:15 = "Executed DbCommand (0ms) [Parameters=[], CommandType='Text', CommandTimeout='30']
SELECT [d].[Id], [d].[AppName], [d].[AppUrl], [d].[Interval], [d].[UserId]
FROM [DbApplications] AS [d]"
1-[Information]-20101-09:19:15 = "Executed DbCommand (0ms) [Parameters=[], CommandType='Text', CommandTimeout='30']
SELECT [d].[Id], [d].[AppName], [d].[AppUrl], [d].[Interval], [d].[UserId]
FROM [DbApplications] AS [d]"
